This is pdfTeX, Version 3.1415926-1.40.10 (TeX Live 2009/Debian) (format=latex 2012.5.17)  7 MAY 2014 05:28
entering extended mode
 %&-line parsing enabled.
**el_parameter_changes.tex
(./el_parameter_changes.tex
LaTeX2e <2009/09/24>
Babel <v3.8l> and hyphenation patterns for english, usenglishmax, dumylang, noh
yphenation, pinyin, loaded.
(/usr/share/texmf-texlive/tex/latex/base/article.cls
Document Class: article 2007/10/19 v1.4h Standard LaTeX document class
(/usr/share/texmf-texlive/tex/latex/base/size10.clo
File: size10.clo 2007/10/19 v1.4h Standard LaTeX file (size option)
)
\c@part=\count79
\c@section=\count80
\c@subsection=\count81
\c@subsubsection=\count82
\c@paragraph=\count83
\c@subparagraph=\count84
\c@figure=\count85
\c@table=\count86
\abovecaptionskip=\skip41
\belowcaptionskip=\skip42
\bibindent=\dimen102
)
(/usr/share/texmf-texlive/tex/latex/geometry/geometry.sty
Package: geometry 2008/12/21 v4.2 Page Geometry

(/usr/share/texmf-texlive/tex/latex/graphics/keyval.sty
Package: keyval 1999/03/16 v1.13 key=value parser (DPC)
\KV@toks@=\toks14
)
(/usr/share/texmf-texlive/tex/generic/oberdiek/ifpdf.sty
Package: ifpdf 2009/04/10 v2.0 Provides the ifpdf switch (HO)
Package ifpdf Info: pdfTeX in pdf mode not detected.
)
(/usr/share/texmf-texlive/tex/generic/oberdiek/ifvtex.sty
Package: ifvtex 2008/11/04 v1.4 Switches for detecting VTeX and its modes (HO)
Package ifvtex Info: VTeX not detected.
)
\Gm@cnth=\count87
\Gm@cntv=\count88
\c@Gm@tempcnt=\count89
\Gm@bindingoffset=\dimen103
\Gm@wd@mp=\dimen104
\Gm@odd@mp=\dimen105
\Gm@even@mp=\dimen106
\Gm@dimlist=\toks15

(/usr/share/texmf-texlive/tex/xelatex/xetexconfig/geometry.cfg))
(/usr/share/texmf-texlive/tex/latex/graphics/graphicx.sty
Package: graphicx 1999/02/16 v1.0f Enhanced LaTeX Graphics (DPC,SPQR)

(/usr/share/texmf-texlive/tex/latex/graphics/graphics.sty
Package: graphics 2009/02/05 v1.0o Standard LaTeX Graphics (DPC,SPQR)

(/usr/share/texmf-texlive/tex/latex/graphics/trig.sty
Package: trig 1999/03/16 v1.09 sin cos tan (DPC)
)
(/etc/texmf/tex/latex/config/graphics.cfg
File: graphics.cfg 2009/08/28 v1.8 graphics configuration of TeX Live
)
Package graphics Info: Driver file: dvipdfm.def on input line 91.

(/usr/share/texmf-texlive/tex/latex/dvipdfm/dvipdfm.def
File: dvipdfm.def 1999/9/6 vx.x Driver-dependant file
))
\Gin@req@height=\dimen107
\Gin@req@width=\dimen108
)
(/usr/share/texmf-texlive/tex/latex/amsmath/amsmath.sty
Package: amsmath 2000/07/18 v2.13 AMS math features
\@mathmargin=\skip43

For additional information on amsmath, use the `?' option.
(/usr/share/texmf-texlive/tex/latex/amsmath/amstext.sty
Package: amstext 2000/06/29 v2.01

(/usr/share/texmf-texlive/tex/latex/amsmath/amsgen.sty
File: amsgen.sty 1999/11/30 v2.0
\@emptytoks=\toks16
\ex@=\dimen109
))
(/usr/share/texmf-texlive/tex/latex/amsmath/amsbsy.sty
Package: amsbsy 1999/11/29 v1.2d
\pmbraise@=\dimen110
)
(/usr/share/texmf-texlive/tex/latex/amsmath/amsopn.sty
Package: amsopn 1999/12/14 v2.01 operator names
)
\inf@bad=\count90
LaTeX Info: Redefining \frac on input line 211.
\uproot@=\count91
\leftroot@=\count92
LaTeX Info: Redefining \overline on input line 307.
\classnum@=\count93
\DOTSCASE@=\count94
LaTeX Info: Redefining \ldots on input line 379.
LaTeX Info: Redefining \dots on input line 382.
LaTeX Info: Redefining \cdots on input line 467.
\Mathstrutbox@=\box26
\strutbox@=\box27
\big@size=\dimen111
LaTeX Font Info:    Redeclaring font encoding OML on input line 567.
LaTeX Font Info:    Redeclaring font encoding OMS on input line 568.
\macc@depth=\count95
\c@MaxMatrixCols=\count96
\dotsspace@=\muskip10
\c@parentequation=\count97
\dspbrk@lvl=\count98
\tag@help=\toks17
\row@=\count99
\column@=\count100
\maxfields@=\count101
\andhelp@=\toks18
\eqnshift@=\dimen112
\alignsep@=\dimen113
\tagshift@=\dimen114
\tagwidth@=\dimen115
\totwidth@=\dimen116
\lineht@=\dimen117
\@envbody=\toks19
\multlinegap=\skip44
\multlinetaggap=\skip45
\mathdisplay@stack=\toks20
LaTeX Info: Redefining \[ on input line 2666.
LaTeX Info: Redefining \] on input line 2667.
)
(/usr/share/texmf-texlive/tex/latex/caption/caption.sty
Package: caption 2009/10/09 v3.1k Customizing captions (AR)

(/usr/share/texmf-texlive/tex/latex/caption/caption3.sty
Package: caption3 2009/10/09 v3.1k caption3 kernel (AR)
\captionmargin=\dimen118
\captionmargin@=\dimen119
\captionwidth=\dimen120
\caption@indent=\dimen121
\caption@parindent=\dimen122
\caption@hangindent=\dimen123
)
\c@ContinuedFloat=\count102
)
(/usr/share/texmf-texlive/tex/latex/caption/subcaption.sty
Package: subcaption 2008/08/31 v1.0b Adding subcaptions (AR)
\c@subfigure=\count103
\c@subtable=\count104
)
(./el_parameter_changes.aux (./plots.aux))
\openout1 = `el_parameter_changes.aux'.

LaTeX Font Info:    Checking defaults for OML/cmm/m/it on input line 15.
LaTeX Font Info:    ... okay on input line 15.
LaTeX Font Info:    Checking defaults for T1/cmr/m/n on input line 15.
LaTeX Font Info:    ... okay on input line 15.
LaTeX Font Info:    Checking defaults for OT1/cmr/m/n on input line 15.
LaTeX Font Info:    ... okay on input line 15.
LaTeX Font Info:    Checking defaults for OMS/cmsy/m/n on input line 15.
LaTeX Font Info:    ... okay on input line 15.
LaTeX Font Info:    Checking defaults for OMX/cmex/m/n on input line 15.
LaTeX Font Info:    ... okay on input line 15.
LaTeX Font Info:    Checking defaults for U/cmr/m/n on input line 15.
LaTeX Font Info:    ... okay on input line 15.

*geometry auto-detecting driver*
*geometry detected driver: dvips*
-------------------- Geometry parameters
paper: class default
landscape: --
twocolumn: --
twoside: --
asymmetric: --
h-parts: 72.26999pt, 469.75502pt, 72.26999pt
v-parts: 72.26999pt, 650.43001pt, 72.26999pt
hmarginratio: --
vmarginratio: --
lines: --
heightrounded: --
bindingoffset: 0.0pt
truedimen: --
includehead: --
includefoot: --
includemp: --
driver: dvips
-------------------- Page layout dimensions and switches
\paperwidth  614.295pt
\paperheight 794.96999pt
\textwidth  469.75502pt
\textheight 650.43001pt
\oddsidemargin  0.0pt
\evensidemargin 0.0pt
\topmargin  -37.0pt
\headheight 12.0pt
\headsep    25.0pt
\footskip   30.0pt
\marginparwidth 65.0pt
\marginparsep   11.0pt
\columnsep  10.0pt
\skip\footins  9.0pt plus 4.0pt minus 2.0pt
\hoffset 0.0pt
\voffset 0.0pt
\mag 1000

(1in=72.27pt, 1cm=28.45pt)
-----------------------
Package caption Info: Begin \AtBeginDocument code.
Package caption Info: End \AtBeginDocument code.

Overfull \hbox (24.96246pt too wide) in paragraph at lines 17--27
\OT1/cmr/m/n/10 On 2014-05-04, we ran a set of tests to probe changes to con-tr
ol loop pa-ram-e-ters (tele-scope[]el[]tests[]05May2014.sch).
 []


Overfull \hbox (9.91231pt too wide) in paragraph at lines 38--48
[][] 
 []

[1

]
\openout2 = `plots.aux'.

 (./plots.tex
File: test2_del-3p5ams-4p0s_pos.eps Graphic file (type eps)
 <test2_del-3p5ams-4p0s_pos.eps>
File: test2_del-3p5ams-4p0s_err.eps Graphic file (type eps)

<test2_del-3p5ams-4p0s_err.eps>
File: test2_del-3p5ams-2p0s_pos.eps Graphic file (type eps)
 <test2_del-3p5ams-2p0s_pos.eps>
File: test2_del-3p5ams-2p0s_err.eps Graphic file (type eps)

<test2_del-3p5ams-2p0s_err.eps>
File: test2_del-3p5ams-8p0s_pos.eps Graphic file (type eps)
 <test2_del-3p5ams-8p0s_pos.eps>
File: test2_del-3p5ams-8p0s_err.eps Graphic file (type eps)

<test2_del-3p5ams-8p0s_err.eps>
File: test2_del-6p0ams-1p0s_pos.eps Graphic file (type eps)
 <test2_del-6p0ams-1p0s_pos.eps>
File: test2_del-6p0ams-1p0s_err.eps Graphic file (type eps)

<test2_del-6p0ams-1p0s_err.eps>
File: test2_del-6p0ams-4p0s_pos.eps Graphic file (type eps)
 <test2_del-6p0ams-4p0s_pos.eps>
File: test2_del-6p0ams-4p0s_err.eps Graphic file (type eps)

<test2_del-6p0ams-4p0s_err.eps> [2] [3] [4] [5] [6]
File: test2_del-6p0ams-2p0s_pos.eps Graphic file (type eps)

<test2_del-6p0ams-2p0s_pos.eps>
File: test2_del-6p0ams-2p0s_err.eps Graphic file (type eps)
 <test2_del-6p0ams-2p0s_err.eps>
File: test2_del-6p0ams-8p0s_pos.eps Graphic file (type eps)

<test2_del-6p0ams-8p0s_pos.eps>
File: test2_del-6p0ams-8p0s_err.eps Graphic file (type eps)
 <test2_del-6p0ams-8p0s_err.eps>
File: test2_del-12p0ams-8p0s_pos.eps Graphic file (type eps)

<test2_del-12p0ams-8p0s_pos.eps>
File: test2_del-12p0ams-8p0s_err.eps Graphic file (type eps)
 <test2_del-12p0ams-8p0s_err.eps>
File: test2_del-12p0ams-4p0s_pos.eps Graphic file (type eps)

<test2_del-12p0ams-4p0s_pos.eps>
File: test2_del-12p0ams-4p0s_err.eps Graphic file (type eps)
 <test2_del-12p0ams-4p0s_err.eps> [7] [8]
[9] [10]
File: test2_del-20p0ams-4p0s_pos.eps Graphic file (type eps)
 <test2_del-20p0ams-4p0s_pos.eps>
File: test2_del-20p0ams-4p0s_err.eps Graphic file (type eps)
 <test2_del-20p0ams-4p0s_err.eps>
File: test2_del-20p0ams-8p0s_pos.eps Graphic file (type eps)

<test2_del-20p0ams-8p0s_pos.eps>
File: test2_del-20p0ams-8p0s_err.eps Graphic file (type eps)
 <test2_del-20p0ams-8p0s_err.eps>
File: test2_del-20p0ams-2p0s_pos.eps Graphic file (type eps)

<test2_del-20p0ams-2p0s_pos.eps>
File: test2_del-20p0ams-2p0s_err.eps Graphic file (type eps)
 <test2_del-20p0ams-2p0s_err.eps>
File: test2_del-40p0ams-8p0s_pos.eps Graphic file (type eps)

<test2_del-40p0ams-8p0s_pos.eps>
File: test2_del-40p0ams-8p0s_err.eps Graphic file (type eps)
 <test2_del-40p0ams-8p0s_err.eps> [11] [12]
[13] [14]
File: test2_del-80p0ams-4p0s_pos.eps Graphic file (type eps)
 <test2_del-80p0ams-4p0s_pos.eps>
File: test2_del-80p0ams-4p0s_err.eps Graphic file (type eps)
 <test2_del-80p0ams-4p0s_err.eps>
File: test2_del-80p0ams-8p0s_pos.eps Graphic file (type eps)

<test2_del-80p0ams-8p0s_pos.eps>
File: test2_del-80p0ams-8p0s_err.eps Graphic file (type eps)
 <test2_del-80p0ams-8p0s_err.eps> [15] [16])
(./el_parameter_changes.aux (./plots.aux)) ) 
Here is how much of TeX's memory you used:
 2546 strings out of 495047
 37980 string characters out of 1181960
 108974 words of memory out of 3000000
 5713 multiletter control sequences out of 15000+50000
 5304 words of font info for 20 fonts, out of 3000000 for 9000
 28 hyphenation exceptions out of 8191
 36i,6n,38p,236b,268s stack positions out of 5000i,500n,10000p,200000b,50000s

Output written on el_parameter_changes.dvi (16 pages, 10932 bytes).
